-------------------------------------------------------------------------------
Test set: com.target.casestudy.controller.test.ProductsControllerTest
-------------------------------------------------------------------------------
Tests run: 6, Failures: 1, Errors: 3, Skipped: 0, Time elapsed: 2.835 s <<< FAILURE! - in com.target.casestudy.controller.test.ProductsControllerTest
saveProductTest  Time elapsed: 0.352 s  <<< FAILURE!
org.opentest4j.AssertionFailedError: expected: <200> but was: <201>
	at com.target.casestudy.controller.test.ProductsControllerTest.saveProductTest(ProductsControllerTest.java:91)

getProductByIdTest  Time elapsed: 0.029 s  <<< ERROR!
org.springframework.web.client.HttpClientErrorException$NotFound: 404 : [{"Status":"404 NOT_FOUND","Message":"Product is not found with the requested Id: 15117729","Code":404,"timestamp":"2020-03-29T11:22:03.828"}]
	at com.target.casestudy.controller.test.ProductsControllerTest.getProductByIdTest(ProductsControllerTest.java:115)

updateProductTest  Time elapsed: 0.021 s  <<< ERROR!
org.springframework.web.client.HttpClientErrorException$NotFound: 404 : [{"Status":"404 NOT_FOUND","Message":"Product is not found with the requested Id: 15117729","Code":404,"timestamp":"2020-03-29T11:22:04.162"}]
	at com.target.casestudy.controller.test.ProductsControllerTest.updateProductTest(ProductsControllerTest.java:183)

deleteProductTest  Time elapsed: 0.02 s  <<< ERROR!
org.springframework.web.client.HttpClientErrorException$NotFound: 404 : [{"Status":"404 NOT_FOUND","Message":"Product is not found with the requested Id: 16483600","Code":404,"timestamp":"2020-03-29T11:22:04.182"}]
	at com.target.casestudy.controller.test.ProductsControllerTest.deleteProductTest(ProductsControllerTest.java:214)

